# JRE version: OpenJDK Runtime Environment Temurin-21.0.9+10 (21.0.9+10) (build 21.0.9+10-LTS)
# Java VM: OpenJDK 64-Bit Server VM Temurin-21.0.9+10 (21.0.9+10-LTS, mixed mode, sharing, tiered, compressed oops, compressed class ptrs, parallel gc, windows-amd64)
GC Precious Log:
 CardTable entry size: 512
 CPUs: 16 total, 16 available
 Memory: 16155M
 Large Page Support: Disabled
 NUMA Support: Disabled
 Compressed Oops: Enabled (32-bit)
 Alignments: Space 512K, Generation 512K, Heap 2M
 Heap Min Capacity: 100M
 Heap Initial Capacity: 100M
 Heap Max Capacity: 2G
 Pre-touch: Disabled
 Parallel Workers: 13
Heap:
 PSYoungGen      total 4608K, used 3127K [0x00000000d5580000, 0x00000000d5b80000, 0x0000000100000000)
  eden space 4096K, 64% used [0x00000000d5580000,0x00000000d580fbf0,0x00000000d5980000)
  from space 512K, 98% used [0x00000000d5980000,0x00000000d59fe020,0x00000000d5a00000)
  to   space 1024K, 0% used [0x00000000d5a80000,0x00000000d5a80000,0x00000000d5b80000)
 ParOldGen       total 1005056K, used 1004894K [0x0000000080000000, 0x00000000bd580000, 0x00000000d5580000)
  object space 1005056K, 99% used [0x0000000080000000,0x00000000bd557aa0,0x00000000bd580000)
 Metaspace       used 78160K, committed 80000K, reserved 1179648K
  class space    used 8064K, committed 8832K, reserved 1048576K
GC Heap History (20 events):
Event: 185.261 GC heap before
{Heap before GC invocations=4356 (full 4):
 PSYoungGen      total 1536K, used 1120K [0x00000000d5580000, 0x00000000d5a80000, 0x0000000100000000)
  eden space 1024K, 100% used [0x00000000d5580000,0x00000000d5680000,0x00000000d5680000)
  from space 512K, 18% used [0x00000000d5980000,0x00000000d5998000,0x00000000d5a00000)
  to   space 512K, 0% used [0x00000000d5a00000,0x00000000d5a00000,0x00000000d5a80000)
 ParOldGen       total 1004032K, used 1003941K [0x0000000080000000, 0x00000000bd480000, 0x00000000d5580000)
  object space 1004032K, 99% used [0x0000000080000000,0x00000000bd4696a0,0x00000000bd480000)
 Metaspace       used 77700K, committed 79552K, reserved 1179648K
  class space    used 8021K, committed 8832K, reserved 1048576K
}
Event: 185.265 GC heap after
{Heap after GC invocations=4356 (full 4):
 PSYoungGen      total 1536K, used 192K [0x00000000d5580000, 0x00000000d5a80000, 0x0000000100000000)
  eden space 1024K, 0% used [0x00000000d5580000,0x00000000d5580000,0x00000000d5680000)
  from space 512K, 37% used [0x00000000d5a00000,0x00000000d5a30000,0x00000000d5a80000)
  to   space 512K, 0% used [0x00000000d5980000,0x00000000d5980000,0x00000000d5a00000)
 ParOldGen       total 1004032K, used 1003941K [0x0000000080000000, 0x00000000bd480000, 0x00000000d5580000)
  object space 1004032K, 99% used [0x0000000080000000,0x00000000bd4696a0,0x00000000bd480000)
 Metaspace       used 77700K, committed 79552K, reserved 1179648K
  class space    used 8021K, committed 8832K, reserved 1048576K
}
Event: 185.266 GC heap before
{Heap before GC invocations=4357 (full 4):
 PSYoungGen      total 1536K, used 1216K [0x00000000d5580000, 0x00000000d5a80000, 0x0000000100000000)
  eden space 1024K, 100% used [0x00000000d5580000,0x00000000d5680000,0x00000000d5680000)
  from space 512K, 37% used [0x00000000d5a00000,0x00000000d5a30000,0x00000000d5a80000)
  to   space 512K, 0% used [0x00000000d5980000,0x00000000d5980000,0x00000000d5a00000)
 ParOldGen       total 1004032K, used 1003941K [0x0000000080000000, 0x00000000bd480000, 0x00000000d5580000)
  object space 1004032K, 99% used [0x0000000080000000,0x00000000bd4696a0,0x00000000bd480000)
 Metaspace       used 77700K, committed 79552K, reserved 1179648K
  class space    used 8021K, committed 8832K, reserved 1048576K
}
Event: 185.269 GC heap after
{Heap after GC invocations=4357 (full 4):
 PSYoungGen      total 2048K, used 288K [0x00000000d5580000, 0x00000000d5a80000, 0x0000000100000000)
  eden space 1536K, 0% used [0x00000000d5580000,0x00000000d5580000,0x00000000d5700000)
  from space 512K, 56% used [0x00000000d5980000,0x00000000d59c8000,0x00000000d5a00000)
  to   space 512K, 0% used [0x00000000d5a00000,0x00000000d5a00000,0x00000000d5a80000)
 ParOldGen       total 1004032K, used 1004013K [0x0000000080000000, 0x00000000bd480000, 0x00000000d5580000)
  object space 1004032K, 99% used [0x0000000080000000,0x00000000bd47b6a0,0x00000000bd480000)
 Metaspace       used 77700K, committed 79552K, reserved 1179648K
  class space    used 8021K, committed 8832K, reserved 1048576K
}
Event: 185.299 GC heap before
{Heap before GC invocations=4358 (full 4):
 PSYoungGen      total 2048K, used 1824K [0x00000000d5580000, 0x00000000d5a80000, 0x0000000100000000)
  eden space 1536K, 100% used [0x00000000d5580000,0x00000000d5700000,0x00000000d5700000)
  from space 512K, 56% used [0x00000000d5980000,0x00000000d59c8000,0x00000000d5a00000)
  to   space 512K, 0% used [0x00000000d5a00000,0x00000000d5a00000,0x00000000d5a80000)
 ParOldGen       total 1004032K, used 1004013K [0x0000000080000000, 0x00000000bd480000, 0x00000000d5580000)
  object space 1004032K, 99% used [0x0000000080000000,0x00000000bd47b6a0,0x00000000bd480000)
 Metaspace       used 77768K, committed 79616K, reserved 1179648K
  class space    used 8029K, committed 8832K, reserved 1048576K
}
Event: 185.302 GC heap after
{Heap after GC invocations=4358 (full 4):
 PSYoungGen      total 2048K, used 489K [0x00000000d5580000, 0x00000000d5a80000, 0x0000000100000000)
  eden space 1536K, 0% used [0x00000000d5580000,0x00000000d5580000,0x00000000d5700000)
  from space 512K, 95% used [0x00000000d5a00000,0x00000000d5a7a400,0x00000000d5a80000)
  to   space 1024K, 0% used [0x00000000d5880000,0x00000000d5880000,0x00000000d5980000)
 ParOldGen       total 1004544K, used 1004101K [0x0000000080000000, 0x00000000bd500000, 0x00000000d5580000)
  object space 1004544K, 99% used [0x0000000080000000,0x00000000bd4916a0,0x00000000bd500000)
 Metaspace       used 77768K, committed 79616K, reserved 1179648K
  class space    used 8029K, committed 8832K, reserved 1048576K
}
Event: 185.307 GC heap before
{Heap before GC invocations=4359 (full 4):
 PSYoungGen      total 2048K, used 2024K [0x00000000d5580000, 0x00000000d5a80000, 0x0000000100000000)
  eden space 1536K, 99% used [0x00000000d5580000,0x00000000d56ffc50,0x00000000d5700000)
  from space 512K, 95% used [0x00000000d5a00000,0x00000000d5a7a400,0x00000000d5a80000)
  to   space 1024K, 0% used [0x00000000d5880000,0x00000000d5880000,0x00000000d5980000)
 ParOldGen       total 1004544K, used 1004101K [0x0000000080000000, 0x00000000bd500000, 0x00000000d5580000)
  object space 1004544K, 99% used [0x0000000080000000,0x00000000bd4916a0,0x00000000bd500000)
 Metaspace       used 77768K, committed 79616K, reserved 1179648K
  class space    used 8029K, committed 8832K, reserved 1048576K
}
Event: 185.309 GC heap after
{Heap after GC invocations=4359 (full 4):
 PSYoungGen      total 3072K, used 288K [0x00000000d5580000, 0x00000000d5a80000, 0x0000000100000000)
  eden space 2048K, 0% used [0x00000000d5580000,0x00000000d5580000,0x00000000d5780000)
  from space 1024K, 28% used [0x00000000d5880000,0x00000000d58c8000,0x00000000d5980000)
  to   space 512K, 0% used [0x00000000d5a00000,0x00000000d5a00000,0x00000000d5a80000)
 ParOldGen       total 1004544K, used 1004422K [0x0000000080000000, 0x00000000bd500000, 0x00000000d5580000)
  object space 1004544K, 99% used [0x0000000080000000,0x00000000bd4e1aa0,0x00000000bd500000)
 Metaspace       used 77768K, committed 79616K, reserved 1179648K
  class space    used 8029K, committed 8832K, reserved 1048576K
}
Event: 185.320 GC heap before
{Heap before GC invocations=4360 (full 4):
 PSYoungGen      total 3072K, used 2336K [0x00000000d5580000, 0x00000000d5a80000, 0x0000000100000000)
  eden space 2048K, 100% used [0x00000000d5580000,0x00000000d5780000,0x00000000d5780000)
  from space 1024K, 28% used [0x00000000d5880000,0x00000000d58c8000,0x00000000d5980000)
  to   space 512K, 0% used [0x00000000d5a00000,0x00000000d5a00000,0x00000000d5a80000)
 ParOldGen       total 1004544K, used 1004422K [0x0000000080000000, 0x00000000bd500000, 0x00000000d5580000)
  object space 1004544K, 99% used [0x0000000080000000,0x00000000bd4e1aa0,0x00000000bd500000)
 Metaspace       used 77768K, committed 79616K, reserved 1179648K
  class space    used 8029K, committed 8832K, reserved 1048576K
}
Event: 185.322 GC heap after
{Heap after GC invocations=4360 (full 4):
 PSYoungGen      total 3072K, used 288K [0x00000000d5580000, 0x00000000d5a80000, 0x0000000100000000)
  eden space 2560K, 0% used [0x00000000d5580000,0x00000000d5580000,0x00000000d5800000)
  from space 512K, 56% used [0x00000000d5a00000,0x00000000d5a48000,0x00000000d5a80000)
  to   space 512K, 0% used [0x00000000d5980000,0x00000000d5980000,0x00000000d5a00000)
 ParOldGen       total 1004544K, used 1004470K [0x0000000080000000, 0x00000000bd500000, 0x00000000d5580000)
  object space 1004544K, 99% used [0x0000000080000000,0x00000000bd4edaa0,0x00000000bd500000)
 Metaspace       used 77768K, committed 79616K, reserved 1179648K
  class space    used 8029K, committed 8832K, reserved 1048576K
}
Event: 185.333 GC heap before
{Heap before GC invocations=4361 (full 4):
 PSYoungGen      total 3072K, used 2841K [0x00000000d5580000, 0x00000000d5a80000, 0x0000000100000000)
  eden space 2560K, 99% used [0x00000000d5580000,0x00000000d57fe420,0x00000000d5800000)
  from space 512K, 56% used [0x00000000d5a00000,0x00000000d5a48000,0x00000000d5a80000)
  to   space 512K, 0% used [0x00000000d5980000,0x00000000d5980000,0x00000000d5a00000)
 ParOldGen       total 1004544K, used 1004470K [0x0000000080000000, 0x00000000bd500000, 0x00000000d5580000)
  object space 1004544K, 99% used [0x0000000080000000,0x00000000bd4edaa0,0x00000000bd500000)
 Metaspace       used 77770K, committed 79616K, reserved 1179648K
  class space    used 8029K, committed 8832K, reserved 1048576K
}
Event: 185.335 GC heap after
{Heap after GC invocations=4361 (full 4):
 PSYoungGen      total 3584K, used 288K [0x00000000d5580000, 0x00000000d5a80000, 0x0000000100000000)
  eden space 3072K, 0% used [0x00000000d5580000,0x00000000d5580000,0x00000000d5880000)
  from space 512K, 56% used [0x00000000d5980000,0x00000000d59c8000,0x00000000d5a00000)
  to   space 512K, 0% used [0x00000000d5a00000,0x00000000d5a00000,0x00000000d5a80000)
 ParOldGen       total 1004544K, used 1004542K [0x0000000080000000, 0x00000000bd500000, 0x00000000d5580000)
  object space 1004544K, 99% used [0x0000000080000000,0x00000000bd4ffaa0,0x00000000bd500000)
 Metaspace       used 77770K, committed 79616K, reserved 1179648K
  class space    used 8029K, committed 8832K, reserved 1048576K
}
Event: 185.349 GC heap before
{Heap before GC invocations=4362 (full 4):
 PSYoungGen      total 3584K, used 3328K [0x00000000d5580000, 0x00000000d5a80000, 0x0000000100000000)
  eden space 3072K, 98% used [0x00000000d5580000,0x00000000d5878290,0x00000000d5880000)
  from space 512K, 56% used [0x00000000d5980000,0x00000000d59c8000,0x00000000d5a00000)
  to   space 512K, 0% used [0x00000000d5a00000,0x00000000d5a00000,0x00000000d5a80000)
 ParOldGen       total 1004544K, used 1004542K [0x0000000080000000, 0x00000000bd500000, 0x00000000d5580000)
  object space 1004544K, 99% used [0x0000000080000000,0x00000000bd4ffaa0,0x00000000bd500000)
 Metaspace       used 77792K, committed 79616K, reserved 1179648K
  class space    used 8029K, committed 8832K, reserved 1048576K
}
Event: 185.353 GC heap after
{Heap after GC invocations=4362 (full 4):
 PSYoungGen      total 4608K, used 384K [0x00000000d5580000, 0x00000000d5a80000, 0x0000000100000000)
  eden space 4096K, 0% used [0x00000000d5580000,0x00000000d5580000,0x00000000d5980000)
  from space 512K, 75% used [0x00000000d5a00000,0x00000000d5a60000,0x00000000d5a80000)
  to   space 512K, 0% used [0x00000000d5980000,0x00000000d5980000,0x00000000d5a00000)
 ParOldGen       total 1005056K, used 1004646K [0x0000000080000000, 0x00000000bd580000, 0x00000000d5580000)
  object space 1005056K, 99% used [0x0000000080000000,0x00000000bd519aa0,0x00000000bd580000)
 Metaspace       used 77792K, committed 79616K, reserved 1179648K
  class space    used 8029K, committed 8832K, reserved 1048576K
}
Event: 185.369 GC heap before
{Heap before GC invocations=4363 (full 4):
 PSYoungGen      total 4608K, used 4465K [0x00000000d5580000, 0x00000000d5a80000, 0x0000000100000000)
  eden space 4096K, 99% used [0x00000000d5580000,0x00000000d597c560,0x00000000d5980000)
  from space 512K, 75% used [0x00000000d5a00000,0x00000000d5a60000,0x00000000d5a80000)
  to   space 512K, 0% used [0x00000000d5980000,0x00000000d5980000,0x00000000d5a00000)
 ParOldGen       total 1005056K, used 1004646K [0x0000000080000000, 0x00000000bd580000, 0x00000000d5580000)
  object space 1005056K, 99% used [0x0000000080000000,0x00000000bd519aa0,0x00000000bd580000)
 Metaspace       used 77792K, committed 79616K, reserved 1179648K
  class space    used 8029K, committed 8832K, reserved 1048576K
}
Event: 185.371 GC heap after
{Heap after GC invocations=4363 (full 4):
 PSYoungGen      total 4608K, used 288K [0x00000000d5580000, 0x00000000d5a80000, 0x0000000100000000)
  eden space 4096K, 0% used [0x00000000d5580000,0x00000000d5580000,0x00000000d5980000)
  from space 512K, 56% used [0x00000000d5980000,0x00000000d59c8000,0x00000000d5a00000)
  to   space 512K, 0% used [0x00000000d5a00000,0x00000000d5a00000,0x00000000d5a80000)
 ParOldGen       total 1005056K, used 1004734K [0x0000000080000000, 0x00000000bd580000, 0x00000000d5580000)
  object space 1005056K, 99% used [0x0000000080000000,0x00000000bd52faa0,0x00000000bd580000)
 Metaspace       used 77792K, committed 79616K, reserved 1179648K
  class space    used 8029K, committed 8832K, reserved 1048576K
}
Event: 185.389 GC heap before
{Heap before GC invocations=4364 (full 4):
 PSYoungGen      total 4608K, used 4384K [0x00000000d5580000, 0x00000000d5a80000, 0x0000000100000000)
  eden space 4096K, 100% used [0x00000000d5580000,0x00000000d5980000,0x00000000d5980000)
  from space 512K, 56% used [0x00000000d5980000,0x00000000d59c8000,0x00000000d5a00000)
  to   space 512K, 0% used [0x00000000d5a00000,0x00000000d5a00000,0x00000000d5a80000)
 ParOldGen       total 1005056K, used 1004734K [0x0000000080000000, 0x00000000bd580000, 0x00000000d5580000)
  object space 1005056K, 99% used [0x0000000080000000,0x00000000bd52faa0,0x00000000bd580000)
 Metaspace       used 77804K, committed 79680K, reserved 1179648K
  class space    used 8029K, committed 8832K, reserved 1048576K
}
Event: 185.391 GC heap after
{Heap after GC invocations=4364 (full 4):
 PSYoungGen      total 4608K, used 256K [0x00000000d5580000, 0x00000000d5a80000, 0x0000000100000000)
  eden space 4096K, 0% used [0x00000000d5580000,0x00000000d5580000,0x00000000d5980000)
  from space 512K, 50% used [0x00000000d5a00000,0x00000000d5a40000,0x00000000d5a80000)
  to   space 512K, 0% used [0x00000000d5980000,0x00000000d5980000,0x00000000d5a00000)
 ParOldGen       total 1005056K, used 1004814K [0x0000000080000000, 0x00000000bd580000, 0x00000000d5580000)
  object space 1005056K, 99% used [0x0000000080000000,0x00000000bd543aa0,0x00000000bd580000)
 Metaspace       used 77804K, committed 79680K, reserved 1179648K
  class space    used 8029K, committed 8832K, reserved 1048576K
}
Event: 313.722 GC heap before
{Heap before GC invocations=4365 (full 4):
 PSYoungGen      total 4608K, used 4342K [0x00000000d5580000, 0x00000000d5a80000, 0x0000000100000000)
  eden space 4096K, 99% used [0x00000000d5580000,0x00000000d597d8f8,0x00000000d5980000)
  from space 512K, 50% used [0x00000000d5a00000,0x00000000d5a40000,0x00000000d5a80000)
  to   space 512K, 0% used [0x00000000d5980000,0x00000000d5980000,0x00000000d5a00000)
 ParOldGen       total 1005056K, used 1004814K [0x0000000080000000, 0x00000000bd580000, 0x00000000d5580000)
  object space 1005056K, 99% used [0x0000000080000000,0x00000000bd543aa0,0x00000000bd580000)
 Metaspace       used 78052K, committed 79872K, reserved 1179648K
  class space    used 8058K, committed 8832K, reserved 1048576K
}
Event: 313.725 GC heap after
{Heap after GC invocations=4365 (full 4):
 PSYoungGen      total 4608K, used 504K [0x00000000d5580000, 0x00000000d5b80000, 0x0000000100000000)
  eden space 4096K, 0% used [0x00000000d5580000,0x00000000d5580000,0x00000000d5980000)
  from space 512K, 98% used [0x00000000d5980000,0x00000000d59fe020,0x00000000d5a00000)
  to   space 1024K, 0% used [0x00000000d5a80000,0x00000000d5a80000,0x00000000d5b80000)
 ParOldGen       total 1005056K, used 1004894K [0x0000000080000000, 0x00000000bd580000, 0x00000000d5580000)
  object space 1005056K, 99% used [0x0000000080000000,0x00000000bd557aa0,0x00000000bd580000)
 Metaspace       used 78052K, committed 79872K, reserved 1179648K
  class space    used 8058K, committed 8832K, reserved 1048576K
}

